Nov-27 10:01:08.939 [main] DEBUG nextflow.cli.Launcher - $> nextflow run workflow/main.nf
Nov-27 10:01:09.210 [main] DEBUG nextflow.cli.CmdRun - N E X T F L O W  ~  version 25.10.0
Nov-27 10:01:09.290 [main] DEBUG nextflow.config.ConfigBuilder - Found config base: /mnt/wsl/docker-desktop-bind-mounts/Ubuntu/1d70a9c899d9404a81c04deaf58313db3b1733da99610564d18bbe0a855dbdf4/workflow/nextflow.config
Nov-27 10:01:09.302 [main] DEBUG nextflow.config.ConfigBuilder - Parsing config file: /mnt/wsl/docker-desktop-bind-mounts/Ubuntu/1d70a9c899d9404a81c04deaf58313db3b1733da99610564d18bbe0a855dbdf4/workflow/nextflow.config
Nov-27 10:01:09.373 [main] DEBUG nextflow.config.ConfigBuilder - Applying config profile: `standard`
Nov-27 10:01:10.333 [main] DEBUG nextflow.plugin.PluginsFacade - Setting up plugin manager > mode=prod; embedded=false; plugins-dir=/home/terrence/.nextflow/plugins; core-plugins: nf-amazon@3.4.1,nf-azure@1.20.2,nf-cloudcache@0.5.0,nf-codecommit@0.5.0,nf-console@1.3.0,nf-google@1.23.3,nf-k8s@1.2.2,nf-tower@1.17.1,nf-wave@1.16.1
Nov-27 10:01:10.397 [main] INFO  o.pf4j.DefaultPluginStatusProvider - Enabled plugins: []
Nov-27 10:01:10.408 [main] INFO  o.pf4j.DefaultPluginStatusProvider - Disabled plugins: []
Nov-27 10:01:10.418 [main] INFO  org.pf4j.DefaultPluginManager - PF4J version 3.12.0 in 'deployment' mode
Nov-27 10:01:10.446 [main] DEBUG nextflow.util.RetryConfig - Missing nextflow session - using default retry config
Nov-27 10:01:10.730 [main] INFO  org.pf4j.AbstractPluginManager - No plugins
Nov-27 10:01:10.733 [main] DEBUG nextflow.plugin.PluginsFacade - Plugins default=[]
Nov-27 10:01:10.734 [main] DEBUG nextflow.plugin.PluginsFacade - Plugins resolved requirement=[]
Nov-27 10:01:10.754 [main] DEBUG n.secret.LocalSecretsProvider - Secrets store: /home/terrence/.nextflow/secrets/store.json
Nov-27 10:01:10.758 [main] DEBUG nextflow.secret.SecretsLoader - Discovered secrets providers: [nextflow.secret.LocalSecretsProvider@77f68df] - activable => nextflow.secret.LocalSecretsProvider@77f68df
Nov-27 10:01:10.779 [main] DEBUG nextflow.cli.CmdRun - Applied DSL=2 from script declaration
Nov-27 10:01:10.807 [main] DEBUG nextflow.cli.CmdRun - Launching `workflow/main.nf` [clever_sanger] DSL2 - revision: 7805e7183f
Nov-27 10:01:10.888 [main] DEBUG nextflow.Session - Session UUID: d984a2de-d698-45c8-a05e-03f5fc6e4f53
Nov-27 10:01:10.890 [main] DEBUG nextflow.Session - Run name: clever_sanger
Nov-27 10:01:10.892 [main] DEBUG nextflow.Session - Executor pool size: 12
Nov-27 10:01:10.911 [main] DEBUG nextflow.file.FilePorter - File porter settings maxRetries=3; maxTransfers=50; pollTimeout=null
Nov-27 10:01:10.928 [main] DEBUG nextflow.util.ThreadPoolBuilder - Creating thread pool 'FileTransfer' minSize=10; maxSize=36; workQueue=LinkedBlockingQueue[-1]; allowCoreThreadTimeout=false
Nov-27 10:01:10.962 [main] DEBUG nextflow.cli.CmdRun - 
  Version: 25.10.0 build 10289
  Created: 22-10-2025 16:26 UTC (18:26 CAST)
  System: Linux 6.6.87.2-microsoft-standard-WSL2
  Runtime: Groovy 4.0.28 on OpenJDK 64-Bit Server VM 17.0.17+10-Ubuntu-124.04
  Encoding: UTF-8 (UTF-8)
  Process: 9656@DESKTOP-40I9I50 [127.0.1.1]
  CPUs: 12 - Mem: 23.3 GB (20.7 GB) - Swap: 6 GB (6 GB)
Nov-27 10:01:11.058 [main] DEBUG nextflow.Session - Work-dir: /mnt/wsl/docker-desktop-bind-mounts/Ubuntu/1d70a9c899d9404a81c04deaf58313db3b1733da99610564d18bbe0a855dbdf4/work [v9fs]
Nov-27 10:01:11.063 [main] DEBUG nextflow.Session - Script base path does not exist or is not a directory: /mnt/wsl/docker-desktop-bind-mounts/Ubuntu/1d70a9c899d9404a81c04deaf58313db3b1733da99610564d18bbe0a855dbdf4/workflow/bin
Nov-27 10:01:11.079 [main] DEBUG nextflow.executor.ExecutorFactory - Extension executors providers=[]
Nov-27 10:01:11.093 [main] DEBUG nextflow.Session - Observer factory (v2): LinObserverFactory
Nov-27 10:01:11.102 [main] DEBUG nextflow.Session - Observer factory (v2): DefaultObserverFactory
Nov-27 10:01:11.191 [main] DEBUG nextflow.cache.CacheFactory - Using Nextflow cache factory: nextflow.cache.DefaultCacheFactory
Nov-27 10:01:11.215 [main] DEBUG nextflow.util.CustomThreadPool - Creating default thread pool > poolSize: 13; maxThreads: 1000
Nov-27 10:01:11.395 [main] DEBUG nextflow.Session - Session start
Nov-27 10:01:11.957 [main] DEBUG nextflow.script.ScriptRunner - > Launching execution
Nov-27 10:01:12.206 [main] DEBUG n.script.dsl.ProcessConfigBuilder - Config settings `withName:DAILY_STATS` matches process DAILY_STATS
Nov-27 10:01:12.247 [main] DEBUG nextflow.executor.ExecutorFactory - << taskConfig executor: local
Nov-27 10:01:12.249 [main] DEBUG nextflow.executor.ExecutorFactory - >> processorType: 'local'
Nov-27 10:01:12.277 [main] DEBUG nextflow.executor.Executor - [warm up] executor > local
Nov-27 10:01:12.290 [main] DEBUG n.processor.LocalPollingMonitor - Creating local task monitor for executor 'local' > cpus=12; memory=23.3 GB; capacity=12; pollInterval=100ms; dumpInterval=5m
Nov-27 10:01:12.300 [main] DEBUG n.processor.TaskPollingMonitor - >>> barrier register (monitor: local)
Nov-27 10:01:12.339 [main] DEBUG nextflow.processor.TaskProcessor - Creating process 'DAILY_STATS': maxForks=0; fair=false; array=0
Nov-27 10:01:12.415 [main] DEBUG n.script.dsl.ProcessConfigBuilder - Config settings `withName:CHARACTERIZE` matches process CHARACTERIZE
Nov-27 10:01:12.421 [main] DEBUG nextflow.executor.ExecutorFactory - << taskConfig executor: local
Nov-27 10:01:12.422 [main] DEBUG nextflow.executor.ExecutorFactory - >> processorType: 'local'
Nov-27 10:01:12.426 [main] DEBUG nextflow.processor.TaskProcessor - Creating process 'CHARACTERIZE': maxForks=0; fair=false; array=0
Nov-27 10:01:12.435 [main] DEBUG nextflow.Session - Workflow process names [dsl2]: CHARACTERIZE, DAILY_STATS
Nov-27 10:01:12.445 [main] DEBUG nextflow.Session - Igniting dataflow network (3)
Nov-27 10:01:12.456 [main] DEBUG nextflow.processor.TaskProcessor - Starting process > DAILY_STATS
Nov-27 10:01:12.460 [main] DEBUG nextflow.processor.TaskProcessor - Starting process > CHARACTERIZE
Nov-27 10:01:12.462 [PathVisitor-1] DEBUG nextflow.file.PathVisitor - files for syntax: glob; folder: ./data/; pattern: *; options: [:]
Nov-27 10:01:12.463 [main] DEBUG nextflow.script.ScriptRunner - Parsed script files:
  Script_d0e4eac063281667: /mnt/wsl/docker-desktop-bind-mounts/Ubuntu/1d70a9c899d9404a81c04deaf58313db3b1733da99610564d18bbe0a855dbdf4/workflow/main.nf
Nov-27 10:01:12.464 [main] DEBUG nextflow.script.ScriptRunner - > Awaiting termination 
Nov-27 10:01:12.465 [main] DEBUG nextflow.Session - Session await
Nov-27 10:01:12.854 [Task submitter] DEBUG n.executor.local.LocalTaskHandler - Launch cmd line: /bin/bash -ue .command.run
Nov-27 10:01:12.860 [Task submitter] INFO  nextflow.Session - [5f/53d926] Submitted process > DAILY_STATS (1)
Nov-27 10:01:14.378 [Task monitor] DEBUG n.processor.TaskPollingMonitor - Task completed > TaskHandler[id: 1; name: DAILY_STATS (1); status: COMPLETED; exit: 0; error: -; workDir: /mnt/wsl/docker-desktop-bind-mounts/Ubuntu/1d70a9c899d9404a81c04deaf58313db3b1733da99610564d18bbe0a855dbdf4/work/5f/53d926c303a3ed296c0aa4bcc001f1]
Nov-27 10:01:14.384 [Task monitor] DEBUG nextflow.util.ThreadPoolBuilder - Creating thread pool 'TaskFinalizer' minSize=10; maxSize=36; workQueue=LinkedBlockingQueue[-1]; allowCoreThreadTimeout=false
Nov-27 10:01:14.474 [TaskFinalizer-1] DEBUG nextflow.util.ThreadPoolBuilder - Creating thread pool 'PublishDir' minSize=10; maxSize=36; workQueue=LinkedBlockingQueue[-1]; allowCoreThreadTimeout=false
Nov-27 10:01:14.515 [Task submitter] DEBUG n.executor.local.LocalTaskHandler - Launch cmd line: /bin/bash -ue .command.run
Nov-27 10:01:14.517 [Task submitter] INFO  nextflow.Session - [b6/093b52] Submitted process > CHARACTERIZE (1)
Nov-27 10:01:20.738 [Task monitor] DEBUG n.processor.TaskPollingMonitor - Task completed > TaskHandler[id: 2; name: CHARACTERIZE (1); status: COMPLETED; exit: 0; error: -; workDir: /mnt/wsl/docker-desktop-bind-mounts/Ubuntu/1d70a9c899d9404a81c04deaf58313db3b1733da99610564d18bbe0a855dbdf4/work/b6/093b5203527e8e510034685cffcf3c]
Nov-27 10:01:20.822 [main] DEBUG nextflow.Session - Session await > all processes finished
Nov-27 10:01:20.840 [Task monitor] DEBUG n.processor.TaskPollingMonitor - <<< barrier arrives (monitor: local) - terminating tasks monitor poll loop
Nov-27 10:01:20.842 [main] DEBUG nextflow.Session - Session await > all barriers passed
Nov-27 10:01:20.853 [main] DEBUG nextflow.util.ThreadPoolManager - Thread pool 'TaskFinalizer' shutdown completed (hard=false)
Nov-27 10:01:20.904 [main] DEBUG nextflow.util.ThreadPoolManager - Thread pool 'PublishDir' shutdown completed (hard=false)
Nov-27 10:01:20.929 [main] DEBUG n.trace.WorkflowStatsObserver - Workflow completed > WorkflowStats[succeededCount=2; failedCount=0; ignoredCount=0; cachedCount=0; pendingCount=0; submittedCount=0; runningCount=0; retriesCount=0; abortedCount=0; succeedDuration=7.6s; failedDuration=0ms; cachedDuration=0ms;loadCpus=0; loadMemory=0; peakRunning=1; peakCpus=1; peakMemory=2 GB; ]
Nov-27 10:01:21.027 [main] DEBUG nextflow.cache.CacheDB - Closing CacheDB done
Nov-27 10:01:21.072 [main] DEBUG nextflow.util.ThreadPoolManager - Thread pool 'FileTransfer' shutdown completed (hard=false)
Nov-27 10:01:21.073 [main] DEBUG nextflow.script.ScriptRunner - > Execution complete -- Goodbye
